Release 12.4 - platgen Xilinx EDK 12.4 Build EDK_MS4.81d
 (nt64)
Copyright (c) 1995-2010 Xilinx, Inc.  All rights reserved.

Command Line: platgen -p xc5vlx110tff1136-1 -lang vhdl -msg
__xps/ise/xmsgprops.lst system.mhs 

Parse C:/Users/loureiro/Snowball_key/system.mhs ...

Read MPD definitions ...

Overriding IP level properties ...

Computing clock values...

Performing IP level DRCs on properties...

Running DRC Tcl procedures for OPTION IPLEVEL_DRC_PROC...
Address Map for Processor microblaze_0
  (0000000000-0x0000ffff) dlmb_cntlr	dlmb
  (0000000000-0x0000ffff) ilmb_cntlr	ilmb
  (0x81400000-0x8140ffff) Push_Buttons_5Bit	mb_plb
  (0x81420000-0x8142ffff) LEDs_8Bit	mb_plb
  (0x81440000-0x8144ffff) DIP_Switches_8Bit	mb_plb
  (0x84000000-0x8400ffff) RS232_Uart_1	mb_plb
  (0x84400000-0x8440ffff) mdm_0	mb_plb
  (0xc4a00000-0xc4a0ffff) snowball_graphics_0	mb_plb
  (0xcb600000-0xcb60ffff) ps2_keyboard_0	mb_plb
  (0xcc000000-0xcc00ffff) buzzer_sound_0	mb_plb
  (0xce200000-0xce20ffff) dvi_iic_init_0	mb_plb
INFO:EDK:1560 - IPNAME:plb_v46 INSTANCE:mb_plb -
   C:\Xilinx\12.4\ISE_DS\EDK\hw\XilinxProcessorIPLib\pcores\plb_v46_v1_05_a\data
   \plb_v46_v2_1_0.mpd line 69 - tool is overriding PARAMETER
   C_PLBV46_NUM_MASTERS value to 2
INFO:EDK:1560 - IPNAME:plb_v46 INSTANCE:mb_plb -
   C:\Xilinx\12.4\ISE_DS\EDK\hw\XilinxProcessorIPLib\pcores\plb_v46_v1_05_a\data
   \plb_v46_v2_1_0.mpd line 70 - tool is overriding PARAMETER
   C_PLBV46_NUM_SLAVES value to 9
INFO:EDK:1560 - IPNAME:plb_v46 INSTANCE:mb_plb -
   C:\Xilinx\12.4\ISE_DS\EDK\hw\XilinxProcessorIPLib\pcores\plb_v46_v1_05_a\data
   \plb_v46_v2_1_0.mpd line 71 - tool is overriding PARAMETER C_PLBV46_MID_WIDTH
   value to 1
INFO:EDK:1560 - IPNAME:plb_v46 INSTANCE:mb_plb -
   C:\Xilinx\12.4\ISE_DS\EDK\hw\XilinxProcessorIPLib\pcores\plb_v46_v1_05_a\data
   \plb_v46_v2_1_0.mpd line 73 - tool is overriding PARAMETER C_PLBV46_DWIDTH
   value to 32
INFO:EDK:1560 - IPNAME:lmb_v10 INSTANCE:ilmb -
   C:\Xilinx\12.4\ISE_DS\EDK\hw\XilinxProcessorIPLib\pcores\lmb_v10_v1_00_a\data
   \lmb_v10_v2_1_0.mpd line 70 - tool is overriding PARAMETER C_LMB_NUM_SLAVES
   value to 1
INFO:EDK:1560 - IPNAME:lmb_v10 INSTANCE:dlmb -
   C:\Xilinx\12.4\ISE_DS\EDK\hw\XilinxProcessorIPLib\pcores\lmb_v10_v1_00_a\data
   \lmb_v10_v2_1_0.mpd line 70 - tool is overriding PARAMETER C_LMB_NUM_SLAVES
   value to 1
INFO:EDK:1560 - IPNAME:bram_block INSTANCE:lmb_bram -
   C:\Xilinx\12.4\ISE_DS\EDK\hw\XilinxProcessorIPLib\pcores\bram_block_v1_00_a\d
   ata\bram_block_v2_1_0.mpd line 67 - tool is overriding PARAMETER C_MEMSIZE
   value to 0x10000
INFO:EDK:1560 - IPNAME:xps_uartlite INSTANCE:RS232_Uart_1 -
   C:\Xilinx\12.4\ISE_DS\EDK\hw\XilinxProcessorIPLib\pcores\xps_uartlite_v1_01_a
   \data\xps_uartlite_v2_1_0.mpd line 74 - tool is overriding PARAMETER
   C_SPLB_NUM_MASTERS value to 2
INFO:EDK:1560 - IPNAME:xps_gpio INSTANCE:LEDs_8Bit -
   C:\Xilinx\12.4\ISE_DS\EDK\hw\XilinxProcessorIPLib\pcores\xps_gpio_v2_00_a\dat
   a\xps_gpio_v2_1_0.mpd line 72 - tool is overriding PARAMETER
   C_SPLB_NUM_MASTERS value to 2
INFO:EDK:1560 - IPNAME:xps_gpio INSTANCE:Push_Buttons_5Bit -
   C:\Xilinx\12.4\ISE_DS\EDK\hw\XilinxProcessorIPLib\pcores\xps_gpio_v2_00_a\dat
   a\xps_gpio_v2_1_0.mpd line 72 - tool is overriding PARAMETER
   C_SPLB_NUM_MASTERS value to 2
INFO:EDK:1560 - IPNAME:xps_gpio INSTANCE:DIP_Switches_8Bit -
   C:\Xilinx\12.4\ISE_DS\EDK\hw\XilinxProcessorIPLib\pcores\xps_gpio_v2_00_a\dat
   a\xps_gpio_v2_1_0.mpd line 72 - tool is overriding PARAMETER
   C_SPLB_NUM_MASTERS value to 2
INFO:EDK:1560 - IPNAME:mdm INSTANCE:mdm_0 -
   C:\Xilinx\12.4\ISE_DS\EDK\hw\XilinxProcessorIPLib\pcores\mdm_v2_00_a\data\mdm
   _v2_1_0.mpd line 83 - tool is overriding PARAMETER C_SPLB_MID_WIDTH value to
   1
INFO:EDK:1560 - IPNAME:mdm INSTANCE:mdm_0 -
   C:\Xilinx\12.4\ISE_DS\EDK\hw\XilinxProcessorIPLib\pcores\mdm_v2_00_a\data\mdm
   _v2_1_0.mpd line 84 - tool is overriding PARAMETER C_SPLB_NUM_MASTERS value
   to 2
INFO:EDK:1560 - IPNAME:dvi_iic_init INSTANCE:dvi_iic_init_0 -
   C:\Users\loureiro\Snowball_key\pcores\dvi_iic_init_v1_00_a\data\dvi_iic_init_
   v2_1_0.mpd line 27 - tool is overriding PARAMETER C_SPLB_DWIDTH value to 32
INFO:EDK:1560 - IPNAME:dvi_iic_init INSTANCE:dvi_iic_init_0 -
   C:\Users\loureiro\Snowball_key\pcores\dvi_iic_init_v1_00_a\data\dvi_iic_init_
   v2_1_0.mpd line 28 - tool is overriding PARAMETER C_SPLB_NUM_MASTERS value to
   2
INFO:EDK:1560 - IPNAME:dvi_iic_init INSTANCE:dvi_iic_init_0 -
   C:\Users\loureiro\Snowball_key\pcores\dvi_iic_init_v1_00_a\data\dvi_iic_init_
   v2_1_0.mpd line 29 - tool is overriding PARAMETER C_SPLB_MID_WIDTH value to 1
INFO:EDK:1560 - IPNAME:snowball_graphics INSTANCE:snowball_graphics_0 -
   C:\Users\loureiro\Snowball_key\pcores\snowball_graphics_v1_00_a\data\snowball
   _graphics_v2_1_0.mpd line 26 - tool is overriding PARAMETER C_SPLB_DWIDTH
   value to 32
INFO:EDK:1560 - IPNAME:snowball_graphics INSTANCE:snowball_graphics_0 -
   C:\Users\loureiro\Snowball_key\pcores\snowball_graphics_v1_00_a\data\snowball
   _graphics_v2_1_0.mpd line 27 - tool is overriding PARAMETER
   C_SPLB_NUM_MASTERS value to 2
INFO:EDK:1560 - IPNAME:snowball_graphics INSTANCE:snowball_graphics_0 -
   C:\Users\loureiro\Snowball_key\pcores\snowball_graphics_v1_00_a\data\snowball
   _graphics_v2_1_0.mpd line 28 - tool is overriding PARAMETER C_SPLB_MID_WIDTH
   value to 1
INFO:EDK:1560 - IPNAME:ps2_keyboard INSTANCE:ps2_keyboard_0 -
   C:\Users\loureiro\Snowball_key\pcores\ps2_keyboard_v1_00_a\data\ps2_keyboard_
   v2_1_0.mpd line 26 - tool is overriding PARAMETER C_SPLB_DWIDTH value to 32
INFO:EDK:1560 - IPNAME:ps2_keyboard INSTANCE:ps2_keyboard_0 -
   C:\Users\loureiro\Snowball_key\pcores\ps2_keyboard_v1_00_a\data\ps2_keyboard_
   v2_1_0.mpd line 27 - tool is overriding PARAMETER C_SPLB_NUM_MASTERS value to
   2
INFO:EDK:1560 - IPNAME:ps2_keyboard INSTANCE:ps2_keyboard_0 -
   C:\Users\loureiro\Snowball_key\pcores\ps2_keyboard_v1_00_a\data\ps2_keyboard_
   v2_1_0.mpd line 28 - tool is overriding PARAMETER C_SPLB_MID_WIDTH value to 1
INFO:EDK:1560 - IPNAME:buzzer_sound INSTANCE:buzzer_sound_0 -
   C:\Users\loureiro\Snowball_key\pcores\buzzer_sound_v1_00_a\data\buzzer_sound_
   v2_1_0.mpd line 26 - tool is overriding PARAMETER C_SPLB_DWIDTH value to 32
INFO:EDK:1560 - IPNAME:buzzer_sound INSTANCE:buzzer_sound_0 -
   C:\Users\loureiro\Snowball_key\pcores\buzzer_sound_v1_00_a\data\buzzer_sound_
   v2_1_0.mpd line 27 - tool is overriding PARAMETER C_SPLB_NUM_MASTERS value to
   2
INFO:EDK:1560 - IPNAME:buzzer_sound INSTANCE:buzzer_sound_0 -
   C:\Users\loureiro\Snowball_key\pcores\buzzer_sound_v1_00_a\data\buzzer_sound_
   v2_1_0.mpd line 28 - tool is overriding PARAMETER C_SPLB_MID_WIDTH value to 1

Checking platform address map ...

Checking platform configuration ...
IPNAME:plb_v46 INSTANCE:mb_plb - C:\Users\loureiro\Snowball_key\system.mhs line
54 - 2 master(s) : 9 slave(s)
IPNAME:lmb_v10 INSTANCE:ilmb - C:\Users\loureiro\Snowball_key\system.mhs line 61
- 1 master(s) : 1 slave(s)
IPNAME:lmb_v10 INSTANCE:dlmb - C:\Users\loureiro\Snowball_key\system.mhs line 68
- 1 master(s) : 1 slave(s)

Checking port drivers...
WARNING:EDK:2098 - PORT:IWAIT CONNECTOR:ilmb_LMB_Wait -
   C:\Xilinx\12.4\ISE_DS\EDK\hw\XilinxProcessorIPLib\pcores\microblaze_v8_00_b\d
   ata\microblaze_v2_1_0.mpd line 386 - No driver found. Port will be driven to
   GND!
WARNING:EDK:2098 - PORT:ICE CONNECTOR:ilmb_LMB_CE -
   C:\Xilinx\12.4\ISE_DS\EDK\hw\XilinxProcessorIPLib\pcores\microblaze_v8_00_b\d
   ata\microblaze_v2_1_0.mpd line 387 - No driver found. Port will be driven to
   GND!
WARNING:EDK:2098 - PORT:IUE CONNECTOR:ilmb_LMB_UE -
   C:\Xilinx\12.4\ISE_DS\EDK\hw\XilinxProcessorIPLib\pcores\microblaze_v8_00_b\d
   ata\microblaze_v2_1_0.mpd line 388 - No driver found. Port will be driven to
   GND!
WARNING:EDK:2098 - PORT:DWAIT CONNECTOR:dlmb_LMB_Wait -
   C:\Xilinx\12.4\ISE_DS\EDK\hw\XilinxProcessorIPLib\pcores\microblaze_v8_00_b\d
   ata\microblaze_v2_1_0.mpd line 424 - No driver found. Port will be driven to
   GND!
WARNING:EDK:2098 - PORT:DCE CONNECTOR:dlmb_LMB_CE -
   C:\Xilinx\12.4\ISE_DS\EDK\hw\XilinxProcessorIPLib\pcores\microblaze_v8_00_b\d
   ata\microblaze_v2_1_0.mpd line 425 - No driver found. Port will be driven to
   GND!
WARNING:EDK:2098 - PORT:DUE CONNECTOR:dlmb_LMB_UE -
   C:\Xilinx\12.4\ISE_DS\EDK\hw\XilinxProcessorIPLib\pcores\microblaze_v8_00_b\d
   ata\microblaze_v2_1_0.mpd line 426 - No driver found. Port will be driven to
   GND!
WARNING:EDK:2098 - PORT:bscan_tdo1 CONNECTOR:bscan_tdo1 -
   C:\Xilinx\12.4\ISE_DS\EDK\hw\XilinxProcessorIPLib\pcores\mdm_v2_00_a\data\mdm
   _v2_1_0.mpd line 230 - No driver found. Port will be driven to GND!
WARNING:EDK:2099 - PORT:bscan_tdi CONNECTOR:bscan_tdi -
   C:\Xilinx\12.4\ISE_DS\EDK\hw\XilinxProcessorIPLib\pcores\mdm_v2_00_a\data\mdm
   _v2_1_0.mpd line 223 - floating connection!
WARNING:EDK:2099 - PORT:bscan_reset CONNECTOR:bscan_reset -
   C:\Xilinx\12.4\ISE_DS\EDK\hw\XilinxProcessorIPLib\pcores\mdm_v2_00_a\data\mdm
   _v2_1_0.mpd line 224 - floating connection!
WARNING:EDK:2099 - PORT:bscan_shift CONNECTOR:bscan_shift -
   C:\Xilinx\12.4\ISE_DS\EDK\hw\XilinxProcessorIPLib\pcores\mdm_v2_00_a\data\mdm
   _v2_1_0.mpd line 225 - floating connection!
WARNING:EDK:2099 - PORT:bscan_update CONNECTOR:bscan_update -
   C:\Xilinx\12.4\ISE_DS\EDK\hw\XilinxProcessorIPLib\pcores\mdm_v2_00_a\data\mdm
   _v2_1_0.mpd line 226 - floating connection!
WARNING:EDK:2099 - PORT:bscan_capture CONNECTOR:bscan_capture -
   C:\Xilinx\12.4\ISE_DS\EDK\hw\XilinxProcessorIPLib\pcores\mdm_v2_00_a\data\mdm
   _v2_1_0.mpd line 227 - floating connection!
WARNING:EDK:2099 - PORT:bscan_sel1 CONNECTOR:bscan_sel1 -
   C:\Xilinx\12.4\ISE_DS\EDK\hw\XilinxProcessorIPLib\pcores\mdm_v2_00_a\data\mdm
   _v2_1_0.mpd line 228 - floating connection!
WARNING:EDK:2099 - PORT:bscan_drck1 CONNECTOR:bscan_drck1 -
   C:\Xilinx\12.4\ISE_DS\EDK\hw\XilinxProcessorIPLib\pcores\mdm_v2_00_a\data\mdm
   _v2_1_0.mpd line 229 - floating connection!
WARNING:EDK:2099 - PORT:Peripheral_Reset CONNECTOR:sys_periph_reset -
   C:\Users\loureiro\Snowball_key\system.mhs line 190 - floating connection!

Performing Clock DRCs...

Performing Reset DRCs...

Overriding system level properties...
INFO:EDK:1560 - IPNAME:microblaze INSTANCE:microblaze_0 -
   C:\Xilinx\12.4\ISE_DS\EDK\hw\XilinxProcessorIPLib\pcores\microblaze_v8_00_b\d
   ata\microblaze_v2_1_0.mpd line 217 - tcl is overriding PARAMETER C_D_PLB
   value to 1
INFO:EDK:1560 - IPNAME:microblaze INSTANCE:microblaze_0 -
   C:\Xilinx\12.4\ISE_DS\EDK\hw\XilinxProcessorIPLib\pcores\microblaze_v8_00_b\d
   ata\microblaze_v2_1_0.mpd line 220 - tcl is overriding PARAMETER C_I_PLB
   value to 1
INFO:EDK:1560 - IPNAME:microblaze INSTANCE:microblaze_0 -
   C:\Xilinx\12.4\ISE_DS\EDK\hw\XilinxProcessorIPLib\pcores\microblaze_v8_00_b\d
   ata\microblaze_v2_1_0.mpd line 244 - tcl is overriding PARAMETER
   C_INTERRUPT_IS_EDGE value to 1
INFO:EDK:1560 - IPNAME:microblaze INSTANCE:microblaze_0 -
   C:\Xilinx\12.4\ISE_DS\EDK\hw\XilinxProcessorIPLib\pcores\microblaze_v8_00_b\d
   ata\microblaze_v2_1_0.mpd line 319 - tcl is overriding PARAMETER
   C_ADDR_TAG_BITS value to 0
INFO:EDK:1560 - IPNAME:microblaze INSTANCE:microblaze_0 -
   C:\Xilinx\12.4\ISE_DS\EDK\hw\XilinxProcessorIPLib\pcores\microblaze_v8_00_b\d
   ata\microblaze_v2_1_0.mpd line 342 - tcl is overriding PARAMETER
   C_DCACHE_ADDR_TAG value to 0
INFO:EDK:1560 - IPNAME:microblaze INSTANCE:microblaze_0 -
   C:\Xilinx\12.4\ISE_DS\EDK\hw\XilinxProcessorIPLib\pcores\microblaze_v8_00_b\d
   ata\microblaze_v2_1_0.mpd line 368 - tcl is overriding PARAMETER
   C_USE_INTERRUPT value to 1
INFO:EDK:1560 - IPNAME:microblaze INSTANCE:microblaze_0 -
   C:\Xilinx\12.4\ISE_DS\EDK\hw\XilinxProcessorIPLib\pcores\microblaze_v8_00_b\d
   ata\microblaze_v2_1_0.mpd line 369 - tcl is overriding PARAMETER
   C_USE_EXT_BRK value to 1
INFO:EDK:1560 - IPNAME:microblaze INSTANCE:microblaze_0 -
   C:\Xilinx\12.4\ISE_DS\EDK\hw\XilinxProcessorIPLib\pcores\microblaze_v8_00_b\d
   ata\microblaze_v2_1_0.mpd line 370 - tcl is overriding PARAMETER
   C_USE_EXT_NM_BRK value to 1
INFO:EDK:1560 - IPNAME:lmb_bram_if_cntlr INSTANCE:dlmb_cntlr -
   C:\Xilinx\12.4\ISE_DS\EDK\hw\XilinxProcessorIPLib\pcores\lmb_bram_if_cntlr_v2
   _10_b\data\lmb_bram_if_cntlr_v2_1_0.mpd line 75 - tcl is overriding PARAMETER
   C_MASK value to 0x80000000
INFO:EDK:1560 - IPNAME:lmb_bram_if_cntlr INSTANCE:ilmb_cntlr -
   C:\Xilinx\12.4\ISE_DS\EDK\hw\XilinxProcessorIPLib\pcores\lmb_bram_if_cntlr_v2
   _10_b\data\lmb_bram_if_cntlr_v2_1_0.mpd line 75 - tcl is overriding PARAMETER
   C_MASK value to 0x80000000

Running system level update procedures...

Running UPDATE Tcl procedures for OPTION SYSLEVEL_UPDATE_PROC...

Running system level DRCs...

Performing System level DRCs on properties...

Running DRC Tcl procedures for OPTION SYSLEVEL_DRC_PROC...

Running UPDATE Tcl procedures for OPTION PLATGEN_SYSLEVEL_UPDATE_PROC...
INFO: The microblaze_0 core has constraints automatically generated by XPS in
implementation/microblaze_0_wrapper/microblaze_0_wrapper.ucf.
It can be overridden by constraints placed in the system.ucf file.

INFO: The ilmb core has constraints automatically generated by XPS in
implementation/ilmb_wrapper/ilmb_wrapper.ucf.
It can be overridden by constraints placed in the system.ucf file.

INFO: The dlmb core has constraints automatically generated by XPS in
implementation/dlmb_wrapper/dlmb_wrapper.ucf.
It can be overridden by constraints placed in the system.ucf file.


Modify defaults ...

Creating stub ...

Processing licensed instances ...
Completion time: 0.00 seconds

Creating hardware output directories ...

Managing hardware (BBD-specified) netlist files ...

Managing cache ...
IPNAME:microblaze INSTANCE:microblaze_0 -
C:\Users\loureiro\Snowball_key\system.mhs line 40 - Copying cache implementation
netlist
IPNAME:plb_v46 INSTANCE:mb_plb - C:\Users\loureiro\Snowball_key\system.mhs line
54 - Copying cache implementation netlist
IPNAME:lmb_v10 INSTANCE:ilmb - C:\Users\loureiro\Snowball_key\system.mhs line 61
- Copying cache implementation netlist
IPNAME:lmb_v10 INSTANCE:dlmb - C:\Users\loureiro\Snowball_key\system.mhs line 68
- Copying cache implementation netlist
IPNAME:lmb_bram_if_cntlr INSTANCE:dlmb_cntlr -
C:\Users\loureiro\Snowball_key\system.mhs line 75 - Copying cache implementation
netlist
IPNAME:lmb_bram_if_cntlr INSTANCE:ilmb_cntlr -
C:\Users\loureiro\Snowball_key\system.mhs line 84 - Copying cache implementation
netlist
IPNAME:bram_block INSTANCE:lmb_bram - C:\Users\loureiro\Snowball_key\system.mhs
line 93 - Copying cache implementation netlist
IPNAME:xps_uartlite INSTANCE:rs232_uart_1 -
C:\Users\loureiro\Snowball_key\system.mhs line 100 - Copying cache
implementation netlist
IPNAME:xps_gpio INSTANCE:leds_8bit - C:\Users\loureiro\Snowball_key\system.mhs
line 114 - Copying cache implementation netlist
IPNAME:xps_gpio INSTANCE:push_buttons_5bit -
C:\Users\loureiro\Snowball_key\system.mhs line 127 - Copying cache
implementation netlist
IPNAME:xps_gpio INSTANCE:dip_switches_8bit -
C:\Users\loureiro\Snowball_key\system.mhs line 140 - Copying cache
implementation netlist
IPNAME:mdm INSTANCE:mdm_0 - C:\Users\loureiro\Snowball_key\system.mhs line 168 -
Copying cache implementation netlist
IPNAME:proc_sys_reset INSTANCE:proc_sys_reset_0 -
C:\Users\loureiro\Snowball_key\system.mhs line 180 - Copying cache
implementation netlist
IPNAME:fit_timer INSTANCE:fit_timer_0 -
C:\Users\loureiro\Snowball_key\system.mhs line 193 - Copying cache
implementation netlist
IPNAME:dvi_iic_init INSTANCE:dvi_iic_init_0 -
C:\Users\loureiro\Snowball_key\system.mhs line 201 - Copying cache
implementation netlist
IPNAME:snowball_graphics INSTANCE:snowball_graphics_0 -
C:\Users\loureiro\Snowball_key\system.mhs line 211 - Copying cache
implementation netlist
IPNAME:ps2_keyboard INSTANCE:ps2_keyboard_0 -
C:\Users\loureiro\Snowball_key\system.mhs line 226 - Copying cache
implementation netlist

Elaborating instances ...
IPNAME:bram_block INSTANCE:lmb_bram - C:\Users\loureiro\Snowball_key\system.mhs
line 93 - elaborating IP
IPNAME:clock_generator INSTANCE:clock_generator_0 -
C:\Users\loureiro\Snowball_key\system.mhs line 153 - elaborating IP
ClkGen elaborate status: PASSED
----------------------------------------

Writing HDL for elaborated instances ...

Inserting wrapper level ...
Completion time: 1.00 seconds

Constructing platform-level connectivity ...
Completion time: 0.00 seconds

Writing (top-level) BMM ...

Writing (top-level and wrappers) HDL ...

Generating synthesis project file ...

Running XST synthesis ...

INFO:EDK:2502 - The following instances are synthesized with XST. The MPD option
   IMP_NETLIST=TRUE indicates that a NGC file is to be produced using XST
   synthesis. IMP_NETLIST=FALSE (default) instances are not synthesized. 
INSTANCE:clock_generator_0 - C:\Users\loureiro\Snowball_key\system.mhs line 153
- Running XST synthesis
INSTANCE:dvi_iic_init_0 - C:\Users\loureiro\Snowball_key\system.mhs line 201 -
Running XST synthesis
INSTANCE:buzzer_sound_0 - C:\Users\loureiro\Snowball_key\system.mhs line 236 -
Running XST synthesis

Running NGCBUILD ...
IPNAME:clock_generator_0_wrapper INSTANCE:clock_generator_0 -
C:\Users\loureiro\Snowball_key\system.mhs line 153 - Running NGCBUILD

Rebuilding cache ...

Total run time: 38.00 seconds
