Generated Block Diagram.
Rasterizing microblaze_0.jpg.....
Rasterizing mb_plb.jpg.....
Rasterizing ilmb.jpg.....
Rasterizing dlmb.jpg.....
Rasterizing dlmb_cntlr.jpg.....
Rasterizing ilmb_cntlr.jpg.....
Rasterizing lmb_bram.jpg.....
Rasterizing RS232_Uart_1.jpg.....
Rasterizing LEDs_8Bit.jpg.....
Rasterizing Push_Buttons_5Bit.jpg.....
Rasterizing DIP_Switches_8Bit.jpg.....
Rasterizing clock_generator_0.jpg.....
Rasterizing mdm_0.jpg.....
Rasterizing proc_sys_reset_0.jpg.....
Rasterizing fit_timer_0.jpg.....
Rasterizing dvi_iic_init_0.jpg.....
Rasterizing snowball_graphics_0.jpg.....
Rasterizing ps2_keyboard_0.jpg.....
Rasterizing buzzer_sound_0.jpg.....
Rasterizing system_blkd.jpg.....
Report generated.
Report generation completed.
